<?xml version="1.0" encoding="UTF-8"?>
<!-- Generated by org.testng.reporters.JUnitReportReporter -->
<testsuite hostname="SaiMukesh" failures="0" tests="2" name="com.example.demo2.sampletest2.NewTest" time="10.794" errors="0" timestamp="2023-04-27T11:26:25 IST" skipped="0">
  <testcase classname="com.example.demo2.sampletest2.NewTest" name="f02" time="0.011"/>
  <system-out/>
  <testcase classname="com.example.demo2.sampletest2.NewTest" name="f01" time="10.783"/>
  <system-out/>
</testsuite> <!-- com.example.demo2.sampletest2.NewTest -->
