<?xml version="1.0" encoding="UTF-8"?>
<!-- Generated by org.testng.reporters.JUnitReportReporter -->
<testsuite hostname="SaiMukesh" failures="0" tests="1" name="com.example.demo2.sampletest2.report" time="48.981" errors="0" timestamp="2023-05-03T14:15:38 IST" skipped="0">
  <testcase classname="com.example.demo2.sampletest2.report" name="t1" time="48.981"/>
  <system-out/>
</testsuite> <!-- com.example.demo2.sampletest2.report -->
