<?xml version="1.0" encoding="UTF-8"?>
<!-- Generated by org.testng.reporters.JUnitReportReporter -->
<testsuite hostname="SaiMukesh" failures="0" tests="3" name="com.example.demo2.sampletest2.day902" time="60.630" errors="0" timestamp="2023-05-02T11:49:11 IST" skipped="0">
  <testcase classname="com.example.demo2.sampletest2.day902" name="TestCase3" time="19.779"/>
  <system-out/>
  <testcase classname="com.example.demo2.sampletest2.day902" name="TestCase1" time="22.050"/>
  <system-out/>
  <testcase classname="com.example.demo2.sampletest2.day902" name="TestCase2" time="18.801"/>
  <system-out/>
</testsuite> <!-- com.example.demo2.sampletest2.day902 -->
