<?xml version="1.0" encoding="UTF-8"?>
<!-- Generated by org.testng.reporters.JUnitReportReporter -->
<testsuite hostname="SaiMukesh" failures="0" tests="2" name="com.example.demo2.sampletest2.Day9" time="0.009" errors="0" timestamp="2023-05-02T09:40:41 IST" skipped="0">
  <testcase classname="com.example.demo2.sampletest2.Day9" name="f" time="0.008"/>
  <system-out/>
  <testcase classname="com.example.demo2.sampletest2.Day9" name="f" time="0.001"/>
  <system-out/>
</testsuite> <!-- com.example.demo2.sampletest2.Day9 -->
